<?xml version="1.0" encoding="UTF-8" ?>
<testsuites>
<testsuite name="Player" errors="0" tests="2" failures="2" time="0.021" timestamp="[object Object]">
  <testcase classname="Player" name="should be able to play a Song" time="0.012"><failure>1: ReferenceError: Can&apos;t find variable: Song in c:/FoundOPS/html5/test/navigator/spec/PlayerSpec.js (line 7) 2: TypeError: &apos;undefined&apos; is not a function (evaluating &apos;expect(player).toBePlaying(song)&apos;) in c:/FoundOPS/html5/test/navigator/spec/PlayerSpec.js (line 15)</failure></testcase>
  <testcase classname="Player" name="tells the current song if the user has made it a favorite" time="0.002"><failure>1: ReferenceError: Can&apos;t find variable: Song in c:/FoundOPS/html5/test/navigator/spec/PlayerSpec.js (line 7) 2: spyOn could not find an object to spy upon for persistFavoriteStatus()</failure></testcase>
</testsuite>
<testsuite name="Player.when song has been paused" errors="0" tests="2" failures="2" time="0.004" timestamp="[object Object]">
  <testcase classname="Player.when song has been paused" name="should indicate that the song is currently paused" time="0.002"><failure>1: ReferenceError: Can&apos;t find variable: Song in c:/FoundOPS/html5/test/navigator/spec/PlayerSpec.js (line 7) 2: TypeError: &apos;undefined&apos; is not a function (evaluating &apos;expect(player).not.toBePlaying(song)&apos;) in c:/FoundOPS/html5/test/navigator/spec/PlayerSpec.js (line 28)</failure></testcase>
  <testcase classname="Player.when song has been paused" name="should be possible to resume" time="0.001"><failure>1: ReferenceError: Can&apos;t find variable: Song in c:/FoundOPS/html5/test/navigator/spec/PlayerSpec.js (line 7)</failure></testcase>
</testsuite>
<testsuite name="Player.#resume" errors="0" tests="1" failures="1" time="0.002" timestamp="[object Object]">
  <testcase classname="Player.#resume" name="should throw an exception if song is already playing" time="0.001"><failure>1: ReferenceError: Can&apos;t find variable: Song in c:/FoundOPS/html5/test/navigator/spec/PlayerSpec.js (line 7)</failure></testcase>
</testsuite>
</testsuites>